2025-08-22 18:13:22,736 - INFO -  Project: ML Pipeline 
2025-08-22 18:13:22,737 - INFO -  Stage: Level 0
2025-08-22 18:13:22,737 - INFO -  Message: Hello 
2025-08-22 18:15:59,871 - INFO -  Project: ML Pipeline 
2025-08-22 18:15:59,872 - INFO -  Stage: Level 0
2025-08-22 18:15:59,872 - INFO -  Message: Hello 
2025-08-22 18:16:37,363 - INFO -  Project: ML Pipeline 
2025-08-22 18:16:37,364 - INFO -  Stage: Level 0
2025-08-22 18:16:37,365 - INFO -  Message: Hello 
2025-08-22 18:17:12,810 - INFO -  Project: ML Pipeline 
2025-08-22 18:17:12,810 - INFO -  Stage: Level 0
2025-08-22 18:17:12,811 - INFO -  Message: Hello 
2025-08-22 18:18:04,319 - INFO -  Project: ML Pipeline 
2025-08-22 18:18:04,320 - INFO -  Stage: Level 0
2025-08-22 18:18:04,327 - INFO -  Message: Hello 
2025-08-22 18:18:04,328 - INFO -  Credit made by parth chauhan
2025-08-22 18:19:14,210 - INFO -  Project:- ML Pipeline 
2025-08-22 18:19:14,211 - INFO -  Stage:- Level 0
2025-08-22 18:19:14,211 - INFO -  Message:- Hello 
2025-08-22 18:19:14,211 - INFO -  Credit:- made by parth chauhan
2025-08-22 18:23:59,837 - INFO -  Project:- ML Pipeline 
2025-08-22 18:23:59,838 - INFO -  Stage:- Level 0
2025-08-22 18:23:59,838 - INFO -  Message:- Hello 
2025-08-22 18:23:59,839 - INFO -  Credit:- made by parth chauhan
2025-08-22 18:24:05,654 - INFO -  Project:- ML Pipeline 
2025-08-22 18:24:05,655 - INFO -  Stage:- Level 0
2025-08-22 18:24:05,655 - INFO -  Message:- Hello 
2025-08-22 18:24:05,656 - INFO -  Credit:- made by parth chauhan
